<?xml version="1.0" encoding="UTF-8"?>
<testng-results skipped="0" failed="0" total="1" passed="1">
  <reporter-output>
  </reporter-output>
  <suite name="Default suite" duration-ms="13057" started-at="2019-12-14T13:14:27Z" finished-at="2019-12-14T13:14:40Z">
    <groups>
    </groups>
    <test name="Default test" duration-ms="13057" started-at="2019-12-14T13:14:27Z" finished-at="2019-12-14T13:14:40Z">
      <class name="pak1.Auto_Practice">
        <test-method status="PASS" signature="GoogleLogic()[pri:0, instance:pak1.Auto_Practice@146e1f4]" name="GoogleLogic" duration-ms="13037" started-at="2019-12-14T18:44:27Z" finished-at="2019-12-14T18:44:40Z">
          <reporter-output>
          </reporter-output>
        </test-method> <!-- GoogleLogic -->
      </class> <!-- pak1.Auto_Practice -->
    </test> <!-- Default test -->
  </suite> <!-- Default suite -->
</testng-results>
